This is XeTeX, Version 3.14159265-2.6-0.99998 (MiKTeX 2.9.6500 64-bit) (preloaded format=xelatex 2018.1.12)  13 JAN 2018 00:04
entering extended mode
**./Master.tex
(Master.tex
LaTeX2e <2017-04-15>
Babel <3.15> and hyphenation patterns for 75 language(s) loaded.
("C:\Program Files\MiKTeX 2.9\tex\latex\base\article.cls"
Document Class: article 2014/09/29 v1.4h Standard LaTeX document class
("C:\Program Files\MiKTeX 2.9\tex\latex\base\size11.clo"
File: size11.clo 2014/09/29 v1.4h Standard LaTeX file (size option)
)
\c@part=\count79
\c@section=\count80
\c@subsection=\count81
\c@subsubsection=\count82
\c@paragraph=\count83
\c@subparagraph=\count84
\c@figure=\count85
\c@table=\count86
\abovecaptionskip=\skip41
\belowcaptionskip=\skip42
\bibindent=\dimen102
)
("C:\Program Files\MiKTeX 2.9\tex\latex\geometry\geometry.sty"
Package: geometry 2010/09/12 v5.6 Page Geometry

("C:\Program Files\MiKTeX 2.9\tex\latex\graphics\keyval.sty"
Package: keyval 2014/10/28 v1.15 key=value parser (DPC)
\KV@toks@=\toks14
)
("C:\Program Files\MiKTeX 2.9\tex\generic\oberdiek\ifpdf.sty"
Package: ifpdf 2017/03/15 v3.2 Provides the ifpdf switch
)
("C:\Program Files\MiKTeX 2.9\tex\generic\oberdiek\ifvtex.sty"
Package: ifvtex 2016/05/16 v1.6 Detect VTeX and its facilities (HO)
Package ifvtex Info: VTeX not detected.
)
("C:\Program Files\MiKTeX 2.9\tex\generic\ifxetex\ifxetex.sty"
Package: ifxetex 2010/09/12 v0.6 Provides ifxetex conditional
)
\Gm@cnth=\count87
\Gm@cntv=\count88
\c@Gm@tempcnt=\count89
\Gm@bindingoffset=\dimen103
\Gm@wd@mp=\dimen104
\Gm@odd@mp=\dimen105
\Gm@even@mp=\dimen106
\Gm@layoutwidth=\dimen107
\Gm@layoutheight=\dimen108
\Gm@layouthoffset=\dimen109
\Gm@layoutvoffset=\dimen110
\Gm@dimlist=\toks15

("C:\Program Files\MiKTeX 2.9\tex\xelatex\xetexconfig\geometry.cfg"))
("C:\Program Files\MiKTeX 2.9\tex\latex\amsmath\amsmath.sty"
Package: amsmath 2017/09/02 v2.17a AMS math features
\@mathmargin=\skip43

For additional information on amsmath, use the `?' option.
("C:\Program Files\MiKTeX 2.9\tex\latex\amsmath\amstext.sty"
Package: amstext 2000/06/29 v2.01 AMS text

("C:\Program Files\MiKTeX 2.9\tex\latex\amsmath\amsgen.sty"
File: amsgen.sty 1999/11/30 v2.0 generic functions
\@emptytoks=\toks16
\ex@=\dimen111
))
("C:\Program Files\MiKTeX 2.9\tex\latex\amsmath\amsbsy.sty"
Package: amsbsy 1999/11/29 v1.2d Bold Symbols
\pmbraise@=\dimen112
)
("C:\Program Files\MiKTeX 2.9\tex\latex\amsmath\amsopn.sty"
Package: amsopn 2016/03/08 v2.02 operator names
)
\inf@bad=\count90
LaTeX Info: Redefining \frac on input line 213.
\uproot@=\count91
\leftroot@=\count92
LaTeX Info: Redefining \overline on input line 375.
\classnum@=\count93
\DOTSCASE@=\count94
LaTeX Info: Redefining \ldots on input line 472.
LaTeX Info: Redefining \dots on input line 475.
LaTeX Info: Redefining \cdots on input line 596.
\Mathstrutbox@=\box26
\strutbox@=\box27
\big@size=\dimen113
LaTeX Font Info:    Redeclaring font encoding OML on input line 712.
LaTeX Font Info:    Redeclaring font encoding OMS on input line 713.
\macc@depth=\count95
\c@MaxMatrixCols=\count96
\dotsspace@=\muskip10
\c@parentequation=\count97
\dspbrk@lvl=\count98
\tag@help=\toks17
\row@=\count99
\column@=\count100
\maxfields@=\count101
\andhelp@=\toks18
\eqnshift@=\dimen114
\alignsep@=\dimen115
\tagshift@=\dimen116
\tagwidth@=\dimen117
\totwidth@=\dimen118
\lineht@=\dimen119
\@envbody=\toks19
\multlinegap=\skip44
\multlinetaggap=\skip45
\mathdisplay@stack=\toks20
LaTeX Info: Redefining \[ on input line 2817.
LaTeX Info: Redefining \] on input line 2818.
)
("C:\Program Files\MiKTeX 2.9\tex\latex\amsfonts\amssymb.sty"
Package: amssymb 2013/01/14 v3.01 AMS font symbols

("C:\Program Files\MiKTeX 2.9\tex\latex\amsfonts\amsfonts.sty"
Package: amsfonts 2013/01/14 v3.01 Basic AMSFonts support
\symAMSa=\mathgroup4
\symAMSb=\mathgroup5
LaTeX Font Info:    Overwriting math alphabet `\mathfrak' in version `bold'
(Font)                  U/euf/m/n --> U/euf/b/n on input line 106.
))
(C:\Users\mehhe\AppData\Roaming\MiKTeX\2.9\tex\latex\enumitem\enumitem.sty
Package: enumitem 2011/09/28 v3.5.2 Customized lists
\labelindent=\skip46
\enit@outerparindent=\dimen120
\enit@toks=\toks21
\enit@inbox=\box28
\enitdp@description=\count102
)
("C:\Program Files\MiKTeX 2.9\tex\latex\fontspec\fontspec.sty"
(C:\Users\mehhe\AppData\Roaming\MiKTeX\2.9\tex\latex\l3packages\xparse\xparse.s
ty (C:\Users\mehhe\AppData\Roaming\MiKTeX\2.9\tex\latex\l3kernel\expl3.sty
Package: expl3 2017/12/16 L3 programming layer (loader) 

(C:\Users\mehhe\AppData\Roaming\MiKTeX\2.9\tex\latex\l3kernel\expl3-code.tex
Package: expl3 2017/12/16 L3 programming layer (code)
\c_max_int=\count103
\l_tmpa_int=\count104
\l_tmpb_int=\count105
\g_tmpa_int=\count106
\g_tmpb_int=\count107
\g__intarray_font_int=\count108
\g__prg_map_int=\count109
\c_log_iow=\count110
\l_iow_line_count_int=\count111
\l__iow_line_target_int=\count112
\l__iow_one_indent_int=\count113
\l__iow_indent_int=\count114
\c_zero_dim=\dimen121
\c_max_dim=\dimen122
\l_tmpa_dim=\dimen123
\l_tmpb_dim=\dimen124
\g_tmpa_dim=\dimen125
\g_tmpb_dim=\dimen126
\c_zero_skip=\skip47
\c_max_skip=\skip48
\l_tmpa_skip=\skip49
\l_tmpb_skip=\skip50
\g_tmpa_skip=\skip51
\g_tmpb_skip=\skip52
\c_zero_muskip=\muskip11
\c_max_muskip=\muskip12
\l_tmpa_muskip=\muskip13
\l_tmpb_muskip=\muskip14
\g_tmpa_muskip=\muskip15
\g_tmpb_muskip=\muskip16
\l_keys_choice_int=\count115
\c__fp_leading_shift_int=\count116
\c__fp_middle_shift_int=\count117
\c__fp_trailing_shift_int=\count118
\c__fp_big_leading_shift_int=\count119
\c__fp_big_middle_shift_int=\count120
\c__fp_big_trailing_shift_int=\count121
\c__fp_Bigg_leading_shift_int=\count122
\c__fp_Bigg_middle_shift_int=\count123
\c__fp_Bigg_trailing_shift_int=\count124
\l__sort_length_int=\count125
\l__sort_min_int=\count126
\l__sort_top_int=\count127
\l__sort_max_int=\count128
\l__sort_true_max_int=\count129
\l__sort_block_int=\count130
\l__sort_begin_int=\count131
\l__sort_end_int=\count132
\l__sort_A_int=\count133
\l__sort_B_int=\count134
\l__sort_C_int=\count135
\l__tl_build_start_index_int=\count136
\l__tl_build_index_int=\count137
\l__tl_analysis_normal_int=\count138
\l__tl_analysis_index_int=\count139
\l__tl_analysis_nesting_int=\count140
\l__tl_analysis_type_int=\count141
\l__regex_internal_a_int=\count142
\l__regex_internal_b_int=\count143
\l__regex_internal_c_int=\count144
\l__regex_balance_int=\count145
\l__regex_group_level_int=\count146
\l__regex_mode_int=\count147
\c__regex_cs_in_class_mode_int=\count148
\c__regex_cs_mode_int=\count149
\l__regex_catcodes_int=\count150
\l__regex_default_catcodes_int=\count151
\c__regex_catcode_L_int=\count152
\c__regex_catcode_O_int=\count153
\c__regex_catcode_A_int=\count154
\c__regex_all_catcodes_int=\count155
\l__regex_show_lines_int=\count156
\l__regex_min_state_int=\count157
\l__regex_max_state_int=\count158
\l__regex_left_state_int=\count159
\l__regex_right_state_int=\count160
\l__regex_capturing_group_int=\count161
\l__regex_min_pos_int=\count162
\l__regex_max_pos_int=\count163
\l__regex_curr_pos_int=\count164
\l__regex_start_pos_int=\count165
\l__regex_success_pos_int=\count166
\l__regex_curr_char_int=\count167
\l__regex_curr_catcode_int=\count168
\l__regex_last_char_int=\count169
\l__regex_case_changed_char_int=\count170
\l__regex_curr_state_int=\count171
\l__regex_step_int=\count172
\l__regex_min_active_int=\count173
\l__regex_max_active_int=\count174
\l__regex_replacement_csnames_int=\count175
\l__regex_match_count_int=\count176
\l__regex_min_submatch_int=\count177
\l__regex_submatch_int=\count178
\l__regex_zeroth_submatch_int=\count179
\g__debug_trace_regex_int=\count180
\c_empty_box=\box29
\l_tmpa_box=\box30
\l_tmpb_box=\box31
\g_tmpa_box=\box32
\g_tmpb_box=\box33
\l__box_top_dim=\dimen127
\l__box_bottom_dim=\dimen128
\l__box_left_dim=\dimen129
\l__box_right_dim=\dimen130
\l__box_top_new_dim=\dimen131
\l__box_bottom_new_dim=\dimen132
\l__box_left_new_dim=\dimen133
\l__box_right_new_dim=\dimen134
\l__box_internal_box=\box34
\l__coffin_internal_box=\box35
\l__coffin_internal_dim=\dimen135
\l__coffin_offset_x_dim=\dimen136
\l__coffin_offset_y_dim=\dimen137
\l__coffin_x_dim=\dimen138
\l__coffin_y_dim=\dimen139
\l__coffin_x_prime_dim=\dimen140
\l__coffin_y_prime_dim=\dimen141
\c_empty_coffin=\box36
\l__coffin_aligned_coffin=\box37
\l__coffin_aligned_internal_coffin=\box38
\l_tmpa_coffin=\box39
\l_tmpb_coffin=\box40
\l__coffin_display_coffin=\box41
\l__coffin_display_coord_coffin=\box42
\l__coffin_display_pole_coffin=\box43
\l__coffin_display_offset_dim=\dimen142
\l__coffin_display_x_dim=\dimen143
\l__coffin_display_y_dim=\dimen144
\l__coffin_bounding_shift_dim=\dimen145
\l__coffin_left_corner_dim=\dimen146
\l__coffin_right_corner_dim=\dimen147
\l__coffin_bottom_corner_dim=\dimen148
\l__coffin_top_corner_dim=\dimen149
\l__coffin_scaled_total_height_dim=\dimen150
\l__coffin_scaled_width_dim=\dimen151
)
(C:\Users\mehhe\AppData\Roaming\MiKTeX\2.9\tex\latex\l3kernel\l3xdvipdfmx.def
File: l3xdvidpfmx.def 2017/03/18 v L3 Experimental driver: xdvipdfmx
\g__driver_image_int=\count181
\l__driver_tmp_box=\box44
))
Package: xparse 2017/12/16 L3 Experimental document command parser
\l__xparse_current_arg_int=\count182
\g__xparse_grabber_int=\count183
\l__xparse_m_args_int=\count184
\l__xparse_mandatory_args_int=\count185
\l__xparse_v_nesting_int=\count186
)
Package: fontspec 2017/11/05 v2.6f Font selection for XeLaTeX and LuaLaTeX
 ("C:\Program Files\MiKTeX 2.9\tex\latex\fontspec\fontspec-xetex.sty"
Package: fontspec-xetex 2017/11/05 v2.6f Font selection for XeLaTeX and LuaLaTe
X
\l__fontspec_script_int=\count187
\l__fontspec_language_int=\count188
\l__fontspec_strnum_int=\count189
\l__fontspec_tmp_int=\count190
\l__fontspec_em_int=\count191
\l__fontspec_emdef_int=\count192
\l__fontspec_strong_int=\count193
\l__fontspec_strongdef_int=\count194
\l__fontspec_tmpa_dim=\dimen152
\l__fontspec_tmpb_dim=\dimen153
\l__fontspec_tmpc_dim=\dimen154
\g__file_internal_ior=\read1

("C:\Program Files\MiKTeX 2.9\tex\latex\base\fontenc.sty"
Package: fontenc 2017/04/05 v2.0i Standard LaTeX package

("C:\Program Files\MiKTeX 2.9\tex\latex\base\tuenc.def"
File: tuenc.def 2017/04/05 v2.0i Standard LaTeX file
LaTeX Font Info:    Redeclaring font encoding TU on input line 82.
))
.................................................
. LaTeX info: "xparse/define-command"
. 
. Defining command \fontspec with sig. 'O{}mO{}' on line 546.
.................................................
.................................................
. LaTeX info: "xparse/define-command"
. 
. Defining command \setmainfont with sig. 'O{}mO{}' on line 550.
.................................................
.................................................
. LaTeX info: "xparse/define-command"
. 
. Defining command \setsansfont with sig. 'O{}mO{}' on line 554.
.................................................
.................................................
. LaTeX info: "xparse/define-command"
. 
. Defining command \setmonofont with sig. 'O{}mO{}' on line 558.
.................................................
.................................................
. LaTeX info: "xparse/define-command"
. 
. Defining command \setmathrm with sig. 'O{}mO{}' on line 562.
.................................................
.................................................
. LaTeX info: "xparse/define-command"
. 
. Defining command \setboldmathrm with sig. 'O{}mO{}' on line 566.
.................................................
.................................................
. LaTeX info: "xparse/define-command"
. 
. Defining command \setmathsf with sig. 'O{}mO{}' on line 570.
.................................................
.................................................
. LaTeX info: "xparse/define-command"
. 
. Defining command \setmathtt with sig. 'O{}mO{}' on line 574.
.................................................
.................................................
. LaTeX info: "xparse/define-command"
. 
. Defining command \setromanfont with sig. 'O{}mO{}' on line 578.
.................................................
.................................................
. LaTeX info: "xparse/define-command"
. 
. Defining command \newfontfamily with sig. 'mO{}mO{}' on line 582.
.................................................
.................................................
. LaTeX info: "xparse/define-command"
. 
. Defining command \newfontface with sig. 'mO{}mO{}' on line 586.
.................................................
.................................................
. LaTeX info: "xparse/define-command"
. 
. Defining command \defaultfontfeatures with sig. 't+om' on line 590.
.................................................
.................................................
. LaTeX info: "xparse/define-command"
. 
. Defining command \addfontfeatures with sig. 'm' on line 594.
.................................................
.................................................
. LaTeX info: "xparse/define-command"
. 
. Defining command \addfontfeature with sig. 'm' on line 598.
.................................................
.................................................
. LaTeX info: "xparse/define-command"
. 
. Defining command \newfontfeature with sig. 'mm' on line 602.
.................................................
.................................................
. LaTeX info: "xparse/define-command"
. 
. Defining command \newAATfeature with sig. 'mmmm' on line 606.
.................................................
.................................................
. LaTeX info: "xparse/define-command"
. 
. Defining command \newopentypefeature with sig. 'mmm' on line 610.
.................................................
.................................................
. LaTeX info: "xparse/define-command"
. 
. Defining command \newICUfeature with sig. 'mmm' on line 614.
.................................................
.................................................
. LaTeX info: "xparse/define-command"
. 
. Defining command \aliasfontfeature with sig. 'mm' on line 618.
.................................................
.................................................
. LaTeX info: "xparse/define-command"
. 
. Defining command \aliasfontfeatureoption with sig. 'mmm' on line 622.
.................................................
.................................................
. LaTeX info: "xparse/define-command"
. 
. Defining command \newfontscript with sig. 'mm' on line 626.
.................................................
.................................................
. LaTeX info: "xparse/define-command"
. 
. Defining command \newfontlanguage with sig. 'mm' on line 630.
.................................................
.................................................
. LaTeX info: "xparse/define-command"
. 
. Defining command \DeclareFontsExtensions with sig. 'm' on line 634.
.................................................
.................................................
. LaTeX info: "xparse/define-command"
. 
. Defining command \IfFontFeatureActiveTF with sig. 'mmm' on line 638.
.................................................
.................................................
. LaTeX info: "xparse/define-command"
. 
. Defining command \EncodingCommand with sig. 'mO{}m' on line 3636.
.................................................
.................................................
. LaTeX info: "xparse/define-command"
. 
. Defining command \EncodingAccent with sig. 'mm' on line 3642.
.................................................
.................................................
. LaTeX info: "xparse/define-command"
. 
. Defining command \EncodingSymbol with sig. 'mm' on line 3648.
.................................................
.................................................
. LaTeX info: "xparse/define-command"
. 
. Defining command \EncodingComposite with sig. 'mmm' on line 3654.
.................................................
.................................................
. LaTeX info: "xparse/define-command"
. 
. Defining command \EncodingCompositeCommand with sig. 'mmm' on line 3660.
.................................................
.................................................
. LaTeX info: "xparse/define-command"
. 
. Defining command \DeclareUnicodeEncoding with sig. 'mm' on line 3685.
.................................................
.................................................
. LaTeX info: "xparse/define-command"
. 
. Defining command \UndeclareSymbol with sig. 'm' on line 3691.
.................................................
.................................................
. LaTeX info: "xparse/define-command"
. 
. Defining command \UndeclareAccent with sig. 'm' on line 3697.
.................................................
.................................................
. LaTeX info: "xparse/define-command"
. 
. Defining command \UndeclareCommand with sig. 'm' on line 3703.
.................................................
.................................................
. LaTeX info: "xparse/define-command"
. 
. Defining command \UndeclareComposite with sig. 'mm' on line 3710.
.................................................

("C:\Program Files\MiKTeX 2.9\tex\latex\fontspec\fontspec.cfg")
LaTeX Info: Redefining \itshape on input line 3895.
LaTeX Info: Redefining \slshape on input line 3900.
LaTeX Info: Redefining \scshape on input line 3905.
LaTeX Info: Redefining \upshape on input line 3910.
LaTeX Info: Redefining \em on input line 3940.
LaTeX Info: Redefining \emph on input line 3965.
LaTeX Info: Redefining \- on input line 4019.
.................................................
. LaTeX info: "xparse/redefine-command"
. 
. Redefining command \oldstylenums with sig. 'm' on line 4114.
.................................................
.................................................
. LaTeX info: "xparse/define-command"
. 
. Defining command \liningnums with sig. 'm' on line 4118.
.................................................
))
\g__fontspec_family_Arial_int=\count195
.................................................
. fontspec info: "defining-font"
. 
. Font family 'Arial(0)' created for font 'Arial' with options
. [Ligatures=TeX].
.  
.  This font family consists of the following NFSS series/shapes:
.  
. - 'normal' (m/n) with NFSS spec.:
. <->"Arial/OT:script=latn;language=DFLT;mapping=tex-text;"
. - 'small caps'  (m/sc) with NFSS spec.:
. <->"Arial/OT:script=latn;language=DFLT;+smcp;mapping=tex-text;"
. - 'bold' (bx/n) with NFSS spec.:
. <->"Arial/B/OT:script=latn;language=DFLT;mapping=tex-text;"
. - 'bold small caps'  (bx/sc) with NFSS spec.:
. <->"Arial/B/OT:script=latn;language=DFLT;+smcp;mapping=tex-text;"
. - 'italic' (m/it) with NFSS spec.:
. <->"Arial/I/OT:script=latn;language=DFLT;mapping=tex-text;"
. - 'italic small caps'  (m/itsc) with NFSS spec.:
. <->"Arial/I/OT:script=latn;language=DFLT;+smcp;mapping=tex-text;"
. - 'bold italic' (bx/it) with NFSS spec.:
. <->"Arial/BI/OT:script=latn;language=DFLT;mapping=tex-text;"
. - 'bold italic small caps'  (bx/itsc) with NFSS spec.:
. <->"Arial/BI/OT:script=latn;language=DFLT;+smcp;mapping=tex-text;"
.................................................
LaTeX Info: Redefining \rmfamily on input line 29.

(C:\Users\mehhe\AppData\Roaming\MiKTeX\2.9\tex\latex\subfigure\subfigure.sty
Package: subfigure 2002/07/30 v2.1.4 subfigure package
\subfigtopskip=\skip53
\subfigcapskip=\skip54
\subfigcaptopadj=\dimen155
\subfigbottomskip=\skip55
\subfigcapmargin=\dimen156
\subfiglabelskip=\skip56
\c@subfigure=\count196
\c@lofdepth=\count197
\c@subtable=\count198
\c@lotdepth=\count199

****************************************
* Local config file subfigure.cfg used *
****************************************
(C:\Users\mehhe\AppData\Roaming\MiKTeX\2.9\tex\latex\subfigure\subfigure.cfg)
\subfig@top=\skip57
\subfig@bottom=\skip58
)
(C:\Users\mehhe\AppData\Roaming\MiKTeX\2.9\tex\latex\url\url.sty
\Urlmuskip=\muskip17
Package: url 2013/09/16  ver 3.4  Verb mode for urls, etc.
)
(C:\Users\mehhe\AppData\Roaming\MiKTeX\2.9\tex\latex\wrapfig\wrapfig.sty
\wrapoverhang=\dimen157
\WF@size=\dimen158
\c@WF@wrappedlines=\count266
\WF@box=\box45
\WF@everypar=\toks22
Package: wrapfig 2003/01/31  v 3.6
)
(C:\Users\mehhe\AppData\Roaming\MiKTeX\2.9\tex\latex\caption\caption.sty
Package: caption 2016/02/21 v3.3-144 Customizing captions (AR)

(C:\Users\mehhe\AppData\Roaming\MiKTeX\2.9\tex\latex\caption\caption3.sty
Package: caption3 2016/05/22 v1.7-166 caption3 kernel (AR)
Package caption3 Info: TeX engine: e-TeX on input line 67.
\captionmargin=\dimen159
\captionmargin@=\dimen160
\captionwidth=\dimen161
\caption@tempdima=\dimen162
\caption@indent=\dimen163
\caption@parindent=\dimen164
\caption@hangindent=\dimen165
)
\c@ContinuedFloat=\count267
Package caption Info: subfigure package is loaded.
Package caption Info: wrapfig package is loaded.
)
("C:\Program Files\MiKTeX 2.9\tex\latex\graphics\lscape.sty"
Package: lscape 2000/10/22 v3.01 Landscape Pages (DPC)

("C:\Program Files\MiKTeX 2.9\tex\latex\graphics\graphics.sty"
Package: graphics 2017/06/25 v1.2c Standard LaTeX Graphics (DPC,SPQR)

("C:\Program Files\MiKTeX 2.9\tex\latex\graphics\trig.sty"
Package: trig 2016/01/03 v1.10 sin cos tan (DPC)
)
("C:\Program Files\MiKTeX 2.9\tex\latex\graphics-cfg\graphics.cfg"
File: graphics.cfg 2016/06/04 v1.11 sample graphics configuration
)
Package graphics Info: Driver file: xetex.def on input line 99.

("C:\Program Files\MiKTeX 2.9\tex\latex\graphics-def\xetex.def"
File: xetex.def 2017/06/24 v5.0h Graphics/color driver for xetex
)))
("C:\Program Files\MiKTeX 2.9\tex\latex\tools\longtable.sty"
Package: longtable 2014/10/28 v4.11 Multi-page Table package (DPC)
\LTleft=\skip59
\LTright=\skip60
\LTpre=\skip61
\LTpost=\skip62
\LTchunksize=\count268
\LTcapwidth=\dimen166
\LT@head=\box46
\LT@firsthead=\box47
\LT@foot=\box48
\LT@lastfoot=\box49
\LT@cols=\count269
\LT@rows=\count270
\c@LT@tables=\count271
\c@LT@chunks=\count272
\LT@p@ftn=\toks23
)
(C:\Users\mehhe\AppData\Roaming\MiKTeX\2.9\tex\latex\rotating\rotating.sty
Package: rotating 2009/03/28 v2.16a rotated objects in LaTeX

("C:\Program Files\MiKTeX 2.9\tex\latex\graphics\graphicx.sty"
Package: graphicx 2017/06/01 v1.1a Enhanced LaTeX Graphics (DPC,SPQR)
\Gin@req@height=\dimen167
\Gin@req@width=\dimen168
)
("C:\Program Files\MiKTeX 2.9\tex\latex\base\ifthen.sty"
Package: ifthen 2014/09/29 v1.1c Standard LaTeX ifthen package (DPC)
)
\c@r@tfl@t=\count273
\rotFPtop=\skip63
\rotFPbot=\skip64
\rot@float@box=\box50
\rot@mess@toks=\toks24
)
("C:\Program Files\MiKTeX 2.9\tex\latex\multirow\multirow.sty"
Package: multirow 2016/11/25 v2.2 Span multiple rows of a table
\multirow@colwidth=\skip65
\multirow@cntb=\count274
\multirow@dima=\skip66
\bigstrutjot=\dimen169
)
(C:\Users\mehhe\AppData\Roaming\MiKTeX\2.9\tex\latex\ctable\ctable.sty
Package: ctable 2015/10/17 v1.31 ctable package for flexible typesetting of tab
le and figure floats using key/value directives

(C:\Users\mehhe\AppData\Roaming\MiKTeX\2.9\tex\latex\etoolbox\etoolbox.sty
Package: etoolbox 2017/11/22 v2.5 e-TeX tools for LaTeX (JAW)
\etb@tempcnta=\count275
)
(C:\Users\mehhe\AppData\Roaming\MiKTeX\2.9\tex\latex\xcolor\xcolor.sty
Package: xcolor 2016/05/11 v2.12 LaTeX color extensions (UK)

("C:\Program Files\MiKTeX 2.9\tex\latex\graphics-cfg\color.cfg"
File: color.cfg 2016/01/02 v1.6 sample color configuration
)
Package xcolor Info: Driver file: xetex.def on input line 225.
Package xcolor Info: Model `cmy' substituted by `cmy0' on input line 1348.
Package xcolor Info: Model `RGB' extended on input line 1364.
Package xcolor Info: Model `HTML' substituted by `rgb' on input line 1366.
Package xcolor Info: Model `Hsb' substituted by `hsb' on input line 1367.
Package xcolor Info: Model `tHsb' substituted by `hsb' on input line 1368.
Package xcolor Info: Model `HSB' substituted by `hsb' on input line 1369.
Package xcolor Info: Model `Gray' substituted by `gray' on input line 1370.
Package xcolor Info: Model `wave' substituted by `hsb' on input line 1371.
)
("C:\Program Files\MiKTeX 2.9\tex\latex\xkeyval\xkeyval.sty"
Package: xkeyval 2014/12/03 v2.7a package option processing (HA)

("C:\Program Files\MiKTeX 2.9\tex\generic\xkeyval\xkeyval.tex"
("C:\Program Files\MiKTeX 2.9\tex\generic\xkeyval\xkvutils.tex"
\XKV@toks=\toks25
\XKV@tempa@toks=\toks26
)
\XKV@depth=\count276
File: xkeyval.tex 2014/12/03 v2.7a key=value parser (HA)
))
("C:\Program Files\MiKTeX 2.9\tex\latex\tools\array.sty"
Package: array 2016/10/06 v2.4d Tabular extension package (FMi)
\col@sep=\dimen170
\extrarowheight=\dimen171
\NC@list=\toks27
\extratabsurround=\skip67
\backup@length=\skip68
)
("C:\Program Files\MiKTeX 2.9\tex\latex\tools\tabularx.sty"
Package: tabularx 2016/02/03 v2.11 `tabularx' package (DPC)
\TX@col@width=\dimen172
\TX@old@table=\dimen173
\TX@old@col=\dimen174
\TX@target=\dimen175
\TX@delta=\dimen176
\TX@cols=\count277
\TX@ftn=\toks28
)
(C:\Users\mehhe\AppData\Roaming\MiKTeX\2.9\tex\latex\booktabs\booktabs.sty
Package: booktabs 2005/04/14 v1.61803 publication quality tables
\heavyrulewidth=\dimen177
\lightrulewidth=\dimen178
\cmidrulewidth=\dimen179
\belowrulesep=\dimen180
\belowbottomsep=\dimen181
\aboverulesep=\dimen182
\abovetopsep=\dimen183
\cmidrulesep=\dimen184
\cmidrulekern=\dimen185
\defaultaddspace=\dimen186
\@cmidla=\count278
\@cmidlb=\count279
\@aboverulesep=\dimen187
\@belowrulesep=\dimen188
\@thisruleclass=\count280
\@lastruleclass=\count281
\@thisrulewidth=\dimen189
)

Package ctable Warning: 
(ctable)                Transparency disabled: pdfTeX is not running in PDF mod
e .

\@CTframesep=\dimen190
\@dfltCTframesep=\dimen191
\@CTframerule=\dimen192
\@dfltCTframerule=\dimen193
\@CTwidth=\dimen194
\@dfltCTwidth=\dimen195
\@CTcaptionskip=\dimen196
\@dfltCTcaptionskip=\dimen197
\@CTmaxwidth=\dimen198
\@dfltCTmaxwidth=\dimen199
\@CTmincapwidth=\dimen256
\@dfltCTmincapwidth=\dimen257
\@CTfooterwidth=\dimen258
\@dfltCTfooterwidth=\dimen259
\@CTw=\dimen260
\@CTfloatwidth=\dimen261
\@CToldsep=\dimen262
\@CToldrule=\dimen263
\CT@t=\box51
\@CTcurftwidth=\dimen264
) (C:\Users\mehhe\AppData\Roaming\MiKTeX\2.9\tex\latex\titlesec\titlesec.sty
Package: titlesec 2016/03/21 v2.10.2 Sectioning titles
\ttl@box=\box52
\beforetitleunit=\skip69
\aftertitleunit=\skip70
\ttl@plus=\dimen265
\ttl@minus=\dimen266
\ttl@toksa=\toks29
\titlewidth=\dimen267
\titlewidthlast=\dimen268
\titlewidthfirst=\dimen269
)
(Master.aux (Desc.aux

LaTeX Warning: Label `fig:robots' multiply defined.

) (Refs.aux))
\openout1 = `Master.aux'.

LaTeX Font Info:    Checking defaults for OML/cmm/m/it on input line 55.
LaTeX Font Info:    ... okay on input line 55.
LaTeX Font Info:    Checking defaults for T1/cmr/m/n on input line 55.
LaTeX Font Info:    ... okay on input line 55.
LaTeX Font Info:    Checking defaults for OT1/cmr/m/n on input line 55.
LaTeX Font Info:    ... okay on input line 55.
LaTeX Font Info:    Checking defaults for OMS/cmsy/m/n on input line 55.
LaTeX Font Info:    ... okay on input line 55.
LaTeX Font Info:    Checking defaults for TU/lmr/m/n on input line 55.
LaTeX Font Info:    ... okay on input line 55.
LaTeX Font Info:    Checking defaults for OMX/cmex/m/n on input line 55.
LaTeX Font Info:    ... okay on input line 55.
LaTeX Font Info:    Checking defaults for U/cmr/m/n on input line 55.
LaTeX Font Info:    ... okay on input line 55.

*geometry* detected driver: pdftex
*geometry* verbose mode - [ preamble ] result:
* driver: pdftex
* paper: letterpaper
* layout: <same size as paper>
* layoutoffset:(h,v)=(0.0pt,0.0pt)
* modes: 
* h-part:(L,W,R)=(72.26999pt, 469.75502pt, 72.26999pt)
* v-part:(T,H,B)=(72.26999pt, 650.43001pt, 72.26999pt)
* \paperwidth=614.295pt
* \paperheight=794.96999pt
* \textwidth=469.75502pt
* \textheight=650.43001pt
* \oddsidemargin=0.0pt
* \evensidemargin=0.0pt
* \topmargin=-37.0pt
* \headheight=12.0pt
* \headsep=25.0pt
* \topskip=11.0pt
* \footskip=30.0pt
* \marginparwidth=59.0pt
* \marginparsep=10.0pt
* \columnsep=10.0pt
* \skip\footins=10.0pt plus 4.0pt minus 2.0pt
* \hoffset=0.0pt
* \voffset=0.0pt
* \mag=1000
* \@twocolumnfalse
* \@twosidefalse
* \@mparswitchfalse
* \@reversemarginfalse
* (1in=72.27pt=25.4mm, 1cm=28.453pt)

.................................................
. fontspec info: "setup-math"
. 
. Adjusting the maths setup (use [no-math] to avoid this).
.................................................
\symlegacymaths=\mathgroup6
LaTeX Font Info:    Overwriting symbol font `legacymaths' in version `bold'
(Font)                  OT1/cmr/m/n --> OT1/cmr/bx/n on input line 55.
LaTeX Font Info:    Redeclaring math accent \acute on input line 55.
LaTeX Font Info:    Redeclaring math accent \grave on input line 55.
LaTeX Font Info:    Redeclaring math accent \ddot on input line 55.
LaTeX Font Info:    Redeclaring math accent \tilde on input line 55.
LaTeX Font Info:    Redeclaring math accent \bar on input line 55.
LaTeX Font Info:    Redeclaring math accent \breve on input line 55.
LaTeX Font Info:    Redeclaring math accent \check on input line 55.
LaTeX Font Info:    Redeclaring math accent \hat on input line 55.
LaTeX Font Info:    Redeclaring math accent \dot on input line 55.
LaTeX Font Info:    Redeclaring math accent \mathring on input line 55.
LaTeX Font Info:    Redeclaring math symbol \Gamma on input line 55.
LaTeX Font Info:    Redeclaring math symbol \Delta on input line 55.
LaTeX Font Info:    Redeclaring math symbol \Theta on input line 55.
LaTeX Font Info:    Redeclaring math symbol \Lambda on input line 55.
LaTeX Font Info:    Redeclaring math symbol \Xi on input line 55.
LaTeX Font Info:    Redeclaring math symbol \Pi on input line 55.
LaTeX Font Info:    Redeclaring math symbol \Sigma on input line 55.
LaTeX Font Info:    Redeclaring math symbol \Upsilon on input line 55.
LaTeX Font Info:    Redeclaring math symbol \Phi on input line 55.
LaTeX Font Info:    Redeclaring math symbol \Psi on input line 55.
LaTeX Font Info:    Redeclaring math symbol \Omega on input line 55.
LaTeX Font Info:    Redeclaring math symbol \mathdollar on input line 55.
LaTeX Font Info:    Redeclaring symbol font `operators' on input line 55.
LaTeX Font Info:    Encoding `OT1' has changed to `TU' for symbol font
(Font)              `operators' in the math version `normal' on input line 55.
LaTeX Font Info:    Overwriting symbol font `operators' in version `normal'
(Font)                  OT1/cmr/m/n --> TU/Arial(0)/m/n on input line 55.
LaTeX Font Info:    Encoding `OT1' has changed to `TU' for symbol font
(Font)              `operators' in the math version `bold' on input line 55.
LaTeX Font Info:    Overwriting symbol font `operators' in version `bold'
(Font)                  OT1/cmr/bx/n --> TU/Arial(0)/m/n on input line 55.
LaTeX Font Info:    Overwriting symbol font `operators' in version `normal'
(Font)                  TU/Arial(0)/m/n --> TU/Arial(0)/m/n on input line 55.
LaTeX Font Info:    Overwriting math alphabet `\mathit' in version `normal'
(Font)                  OT1/cmr/m/it --> TU/Arial(0)/m/it on input line 55.
LaTeX Font Info:    Overwriting math alphabet `\mathbf' in version `normal'
(Font)                  OT1/cmr/bx/n --> TU/Arial(0)/bx/n on input line 55.
LaTeX Font Info:    Overwriting math alphabet `\mathsf' in version `normal'
(Font)                  OT1/cmss/m/n --> TU/lmss/m/n on input line 55.
LaTeX Font Info:    Overwriting math alphabet `\mathtt' in version `normal'
(Font)                  OT1/cmtt/m/n --> TU/lmtt/m/n on input line 55.
LaTeX Font Info:    Overwriting symbol font `operators' in version `bold'
(Font)                  TU/Arial(0)/m/n --> TU/Arial(0)/bx/n on input line 55.
LaTeX Font Info:    Overwriting math alphabet `\mathit' in version `bold'
(Font)                  OT1/cmr/bx/it --> TU/Arial(0)/bx/it on input line 55.
LaTeX Font Info:    Overwriting math alphabet `\mathsf' in version `bold'
(Font)                  OT1/cmss/bx/n --> TU/lmss/bx/n on input line 55.
LaTeX Font Info:    Overwriting math alphabet `\mathtt' in version `bold'
(Font)                  OT1/cmtt/m/n --> TU/lmtt/bx/n on input line 55.
Package caption Info: Begin \AtBeginDocument code.
Package caption Info: longtable package is loaded.
(C:\Users\mehhe\AppData\Roaming\MiKTeX\2.9\tex\latex\caption\ltcaption.sty
Package: ltcaption 2013/06/09 v1.4-94 longtable captions (AR)
)
Package caption Info: rotating package is loaded.
Package caption Info: End \AtBeginDocument code.
\openout2 = `Desc.aux'.


(Desc.tex
Overfull \hbox (10.52525pt too wide) in paragraph at lines 8--9
\TU/Arial(0)/m/n/10.95 programs support the development of literacy skills
 []


Overfull \hbox (16.24802pt too wide) in paragraph at lines 10--11
\TU/Arial(0)/m/n/10.95 a rich variety of spoken language and vocabulary[[]].
 []


Overfull \hbox (4.48996pt too wide) in paragraph at lines 10--11
\TU/Arial(0)/m/n/10.95 ence, i.e., simply hearing language is not enough.
 []


Overfull \hbox (1.02066pt too wide) in paragraph at lines 10--11
\TU/Arial(0)/m/n/10.95 Children need to actively participate and be emo-
 []


Overfull \hbox (8.52917pt too wide) in paragraph at lines 13--14
\TU/Arial(0)/m/n/10.95 diverse cognitive and pre-literacy education needs
 []


Overfull \hbox (7.12302pt too wide) in paragraph at lines 21--22
\TU/Arial(0)/m/n/10.95 tential to augment the efforts of parents and teach-
 []


Overfull \hbox (3.46407pt too wide) in paragraph at lines 25--26
\TU/Arial(0)/m/n/10.95 further development and widespread deployment
 []


Overfull \hbox (3.40605pt too wide) in paragraph at lines 27--28
[]\TU/Arial(0)/m/n/10.95 Through our research, we propose to address
 []


Overfull \hbox (14.20831pt too wide) in paragraph at lines 29--29
|[]\TU/Arial(0)/bx/n/11 Development of Automatic Speech Recog-
 []


Overfull \hbox (10.513pt too wide) in paragraph at lines 29--29
\TU/Arial(0)/bx/n/11 nition and Spoken Language Understand-
 []


Overfull \hbox (4.24673pt too wide) in paragraph at lines 29--29
\TU/Arial(0)/bx/n/11 ing systems for young children’s speech| 
 []


Overfull \hbox (23.86905pt too wide) in paragraph at lines 31--31
 |[]\TU/Arial(0)/bx/it/10.95 Automatic speech recognition for young
 []


Overfull \hbox (4.02335pt too wide) in paragraph at lines 32--33
\TU/Arial(0)/m/n/10.95 acterized by (i) more omissions, substitutions and
 []


Overfull \hbox (9.67513pt too wide) in paragraph at lines 32--33
\TU/Arial(0)/m/n/10.95 discrimination more difficult (iii) more creative word
 []


Overfull \hbox (6.45288pt too wide) in paragraph at lines 32--33
\TU/Arial(0)/m/n/10.95 developing motor skills (v) larger variation in spec-
 []


Overfull \hbox (2.19695pt too wide) in paragraph at lines 32--33
\TU/Arial(0)/m/n/10.95 tral and temporal parameters and (vi) larger num-
 []


Overfull \hbox (7.98088pt too wide) in paragraph at lines 32--33
\TU/Arial(0)/m/n/10.95 ber of disfluencies  [[], []]. Though are tools achiev-
 []

LaTeX Font Info:    Try loading font information for U+msa on input line 34.
("C:\Program Files\MiKTeX 2.9\tex\latex\amsfonts\umsa.fd"
File: umsa.fd 2013/01/14 v3.01 AMS symbols A
)
LaTeX Font Info:    Try loading font information for U+msb on input line 34.

("C:\Program Files\MiKTeX 2.9\tex\latex\amsfonts\umsb.fd"
File: umsb.fd 2013/01/14 v3.01 AMS symbols B
)
Overfull \hbox (1.61311pt too wide) in paragraph at lines 34--35
\TU/Arial(0)/m/n/10.95 mance of several cloud-based ASR APIs on child
 []


Overfull \hbox (8.1187pt too wide) in paragraph at lines 34--35
\TU/Arial(0)/m/n/10.95 and kindergarten children(ages 4-7 (5.13 $\OMS/cmsy/m/n/
10.95 ^^F$ \TU/Arial(0)/m/n/10.95 0.64)),
 []

File: fig/asr.pdf Graphic file (type pdf)
<use fig/asr.pdf>

Overfull \hbox (8.98956pt too wide) in paragraph at lines 43--44
\TU/Arial(0)/m/n/10.95 les Schools. Innovative Automatic Speech Recog-
 []


Overfull \hbox (1.59175pt too wide) in paragraph at lines 43--44
\TU/Arial(0)/m/n/10.95 nition (ASR) systems based on Deep Neural Net-
 []


Overfull \hbox (1.61845pt too wide) in paragraph at lines 43--44
\TU/Arial(0)/m/n/10.95 The goal is to develop innovative ASR algorithms
 []

[1



]
Overfull \hbox (3.73738pt too wide) in paragraph at lines 45--46
[][]\TU/Arial(0)/m/n/10.95 Owing to
 []


Overfull \hbox (14.14447pt too wide) in paragraph at lines 45--46
\TU/Arial(0)/m/n/10.95 the challenges
 []


Overfull \hbox (3.37805pt too wide) in paragraph at lines 45--46
\TU/Arial(0)/m/n/10.95 faced in per-
 []


Overfull \hbox (1.15024pt too wide) in paragraph at lines 45--46
\TU/Arial(0)/m/n/10.95 constrained
 []


Overfull \hbox (27.93355pt too wide) in paragraph at lines 45--46
\TU/Arial(0)/m/n/10.95 children’s speech
 []


Overfull \hbox (17.38101pt too wide) in paragraph at lines 45--46
\TU/Arial(0)/m/n/10.95 recognition  [[]],
 []


Overfull \hbox (6.42032pt too wide) in paragraph at lines 45--46
\TU/Arial(0)/m/n/10.95 strain the do-
 []


Overfull \hbox (2.55821pt too wide) in paragraph at lines 45--46
\TU/Arial(0)/m/n/10.95 sessment of
 []


Overfull \hbox (2.96811pt too wide) in paragraph at lines 45--46
\TU/Arial(0)/m/n/10.95 comprehen-
 []


Overfull \hbox (1.54947pt too wide) in paragraph at lines 45--46
\TU/Arial(0)/m/n/10.95 sion of early
 []


Overfull \hbox (10.48735pt too wide) in paragraph at lines 45--46
\TU/Arial(0)/m/n/10.95 language ma-
 []


Overfull \hbox (69.10324pt too wide) in paragraph at lines 47--47
 |[]\TU/Arial(0)/bx/it/10.95 Understanding
 []


Overfull \hbox (9.35754pt too wide) in paragraph at lines 47--48
\TU/Arial(0)/m/n/10.95 ability and developmental changes, speaker adap-
 []


Overfull \hbox (2.01869pt too wide) in paragraph at lines 47--48
\TU/Arial(0)/m/n/10.95 mation which may introduce confusability into the
 []


Overfull \hbox (5.77765pt too wide) in paragraph at lines 49--50
\TU/Arial(0)/m/n/10.95 spontaneous speech of children. Hence we, need
 []


Overfull \hbox (4.83464pt too wide) in paragraph at lines 49--50
\TU/Arial(0)/m/n/10.95 the children come from a variety of linguistic back-
 []


Overfull \hbox (17.09439pt too wide) in paragraph at lines 59--59
\TU/Arial(0)/bx/n/11 children’s spoken language and early read-
 []


Overfull \hbox (1.75485pt too wide) in paragraph at lines 64--65
[]\TU/Arial(0)/bx/n/10.95 Span to Multi-word reading tasks. \TU/Arial(0)/m/n/10
.95 Our pre-
 []


Overfull \hbox (4.44785pt too wide) in paragraph at lines 64--65
\TU/Arial(0)/m/n/10.95 more accurately assessed student’s performance
 []


Overfull \hbox (6.50635pt too wide) in paragraph at lines 64--65
\TU/Arial(0)/m/n/10.95 propose to extend these results to more advanced
 []


Overfull \hbox (7.36293pt too wide) in paragraph at lines 66--68
[]\TU/Arial(0)/bx/n/10.95 Expand beyond tactile based inputs to spo-
 []


Overfull \hbox (2.22902pt too wide) in paragraph at lines 66--68
\TU/Arial(0)/m/n/10.95 identifying (by tapping on a touchscreen) the writ-
 []


Overfull \hbox (6.30139pt too wide) in paragraph at lines 66--68
\TU/Arial(0)/m/n/10.95 technologies will enable us to incorporate speech-
 []


Overfull \hbox (3.26413pt too wide) in paragraph at lines 66--68
\TU/Arial(0)/m/n/10.95 based data, such as children’s spoken responses
 []


Overfull \hbox (3.2837pt too wide) in paragraph at lines 66--68
\TU/Arial(0)/m/n/10.95 and pronunciation, enabling new interactions and
 []


Overfull \hbox (18.91264pt too wide) in paragraph at lines 69--70
\TU/Arial(0)/m/n/10.95 ate model improvement. Generally speaking, knowl-
 []


Overfull \hbox (3.64229pt too wide) in paragraph at lines 69--70
\TU/Arial(0)/m/n/10.95 edge assessment models improve with additional
 []


Overfull \hbox (2.5272pt too wide) in paragraph at lines 69--70
\TU/Arial(0)/m/n/10.95 data. But collecting additional data often requires
 []


Overfull \hbox (3.86862pt too wide) in paragraph at lines 69--70
\TU/Arial(0)/m/n/10.95 asking additional questions or prompting the child
 []


Overfull \hbox (1.46503pt too wide) in paragraph at lines 69--70
\TU/Arial(0)/m/n/10.95 from any single session. By employing an active-
 []


Overfull \hbox (3.03276pt too wide) in paragraph at lines 69--70
\TU/Arial(0)/m/n/10.95 provide the maximum expected inferential power,
 []

[2]
Overfull \hbox (12.16275pt too wide) in paragraph at lines 71--72
\TU/Arial(0)/m/n/10.95 velop personalized assessment algorithms, trained
 []


Overfull \hbox (4.64526pt too wide) in paragraph at lines 75--75
\TU/Arial(0)/bx/n/11 autonomous, collaborative, peer-like so-
 []


Overfull \hbox (8.75128pt too wide) in paragraph at lines 75--75
\TU/Arial(0)/bx/n/11 with effective educational activities lever-
 []


Overfull \hbox (3.23024pt too wide) in paragraph at lines 77--78
\TU/Arial(0)/m/n/10.95 robot, which significantly hindered real-time robot
 []


Overfull \hbox (4.91127pt too wide) in paragraph at lines 77--78
\TU/Arial(0)/m/n/10.95 adapt to children’s unique educational needs over
 []


Overfull \hbox (3.24094pt too wide) in paragraph at lines 81--82
\TU/Arial(0)/m/n/10.95 guistic) skills, and personalized content sequenc-
 []


Overfull \hbox (4.66283pt too wide) in paragraph at lines 83--84
\TU/Arial(0)/m/n/10.95 capture real-time audio, video, touch interactions,
 []


Overfull \hbox (1.23059pt too wide) in paragraph at lines 83--84
\TU/Arial(0)/m/n/10.95 putational models, assess children’s reading and
 []


Overfull \hbox (8.11928pt too wide) in paragraph at lines 95--96
\TU/Arial(0)/m/n/10.95 three interactive game environments and a shared
 []


Overfull \hbox (1.69455pt too wide) in paragraph at lines 95--96
\TU/Arial(0)/m/n/10.95 book. Second, a competitive word-pronunciation
 []

File: fig/game_screens.png Graphic file (type bmp)
<fig/game_screens.png>

Overfull \hbox (239.87752pt too wide) in paragraph at lines 99--100
 [][] 
 []

[3]
Overfull \hbox (3.71625pt too wide) in paragraph at lines 109--109
|[]\TU/Arial(0)/bx/n/12 Strength of Team to Achieve Proposed
 []


Overfull \hbox (0.79866pt too wide) in paragraph at lines 111--112
\TU/Arial(0)/m/n/10.95 The UCLA Speech Processing and Auditory Per-
 []

File: fig/tega_jibo_combined.png Graphic file (type bmp)
<fig/tega_jibo_combined.png>

Underfull \hbox (badness 5711) in paragraph at lines 116--116
\TU/Arial(0)/m/n/9 forms. Tega (left) is a robust re-
 []


Overfull \hbox (1.2886pt too wide) in paragraph at lines 120--121
[][]\TU/Arial(0)/m/n/10.95 The MIT
 []


Overfull \hbox (10.0828pt too wide) in paragraph at lines 120--121
\TU/Arial(0)/m/n/10.95 group has de-
 []


Overfull \hbox (3.19447pt too wide) in paragraph at lines 120--121
\TU/Arial(0)/m/n/10.95 veloped and
 []


Overfull \hbox (10.4713pt too wide) in paragraph at lines 120--121
\TU/Arial(0)/m/n/10.95 procured sev-
 []


Overfull \hbox (13.11435pt too wide) in paragraph at lines 120--121
\TU/Arial(0)/m/n/10.95 eral robot plat-
 []


Underfull \hbox (badness 1484) in paragraph at lines 120--121
\TU/Arial(0)/m/n/10.95 forms (see
 []


Overfull \hbox (5.2066pt too wide) in paragraph at lines 120--121
\TU/Arial(0)/m/n/10.95 pable of sus-
 []


Underfull \hbox (badness 2293) in paragraph at lines 120--121
\TU/Arial(0)/m/n/10.95 taining en-
 []


Overfull \hbox (13.5403pt too wide) in paragraph at lines 120--121
\TU/Arial(0)/m/n/10.95 gagement and
 []


Overfull \hbox (6.4096pt too wide) in paragraph at lines 120--121
\TU/Arial(0)/m/n/10.95 interest in re-
 []


Overfull \hbox (5.00699pt too wide) in paragraph at lines 120--121
\TU/Arial(0)/m/n/10.95 peated inter-
 []


Overfull \hbox (9.72336pt too wide) in paragraph at lines 120--121
\TU/Arial(0)/m/n/10.95 actions. Over
 []


Overfull \hbox (5.20126pt too wide) in paragraph at lines 120--121
\TU/Arial(0)/m/n/10.95 the past sev-
 []


Underfull \hbox (badness 1400) in paragraph at lines 120--121
\TU/Arial(0)/m/n/10.95 eral years, they have built extensive cloud-
 []


Underfull \hbox (badness 1147) in paragraph at lines 120--121
\TU/Arial(0)/m/n/10.95 of these systems in schools, hospitals, and
 []


Underfull \hbox (badness 1622) in paragraph at lines 120--121
\TU/Arial(0)/m/n/10.95 week parallel deployment of adaptive story-
 []


Overfull \hbox (1.82977pt too wide) in paragraph at lines 122--123
\TU/Arial(0)/m/n/10.95 established track record of foundational research
 []


Overfull \hbox (2.85632pt too wide) in paragraph at lines 122--123
\TU/Arial(0)/m/n/10.95 bust technologies for analyzing children’s speech
 []


Overfull \hbox (0.63213pt too wide) in paragraph at lines 122--123
\TU/Arial(0)/m/n/10.95 and combining these technologies with adaptive,
 []


Overfull \hbox (6.07289pt too wide) in paragraph at lines 122--123
\TU/Arial(0)/m/n/10.95 personalized assessment algorithms, we propose
 []


Overfull \hbox (2.46603pt too wide) in paragraph at lines 122--123
\TU/Arial(0)/m/n/10.95 language education experiences for young learn-
 []


Underfull \hbox (badness 10000) in paragraph at lines 122--123

 []

) [4]
\openout2 = `Refs.aux'.

 (Refs.tex (Master.bbl)) [1



] (Master.aux (Desc.aux) (Refs.aux))

LaTeX Warning: There were multiply-defined labels.

 ) 
Here is how much of TeX's memory you used:
 15560 strings out of 427839
 310147 string characters out of 3152524
 415565 words of memory out of 3000000
 19373 multiletter control sequences out of 15000+200000
 537270 words of font info for 69 fonts, out of 3000000 for 9000
 1328 hyphenation exceptions out of 8191
 40i,5n,79p,10410b,360s stack positions out of 5000i,500n,10000p,200000b,50000s

Output written on Master.pdf (5 pages).
