This is pdfTeX, Version 3.14159265-2.6-1.40.18 (TeX Live 2017) (preloaded format=pdflatex 2017.5.23)  12 JAN 2018 18:25
entering extended mode
 restricted \write18 enabled.
 file:line:error style messages enabled.
 %&-line parsing enabled.
**Refs.tex
(./Refs.tex
LaTeX2e <2017-04-15>
Babel <3.10> and hyphenation patterns for 84 language(s) loaded.
./Refs.tex:13: Undefined control sequence.
l.13 \footnotesize
                  
? 
./Refs.tex:13: Emergency stop.
l.13 \footnotesize
                  
End of file on the terminal!

 
Here is how much of TeX's memory you used:
 5 strings out of 492995
 115 string characters out of 6132704
 54074 words of memory out of 5000000
 3658 multiletter control sequences out of 15000+600000
 3640 words of font info for 14 fonts, out of 8000000 for 9000
 1141 hyphenation exceptions out of 8191
 5i,0n,2p,83b,8s stack positions out of 5000i,500n,10000p,200000b,80000s
./Refs.tex:13:  ==> Fatal error occurred, no output PDF file produced!
